[2026-05-21T11:32:25.199Z] IP: ::1 | Action: GET /logo.png | Statut: 404
[2026-05-21T11:32:25.207Z] IP: ::1 | Action: GET /photo1.jpg | Statut: 404
[2026-05-21T11:32:25.389Z] IP: ::1 | Action: GET /photo2.jpg | Statut: 404
[2026-05-21T11:32:25.397Z] IP: ::1 | Action: GET /photo3.jpg | Statut: 404
[2026-05-21T11:32:26.735Z] IP: ::1 | Action: GET /video1.mp4 | Statut: 404
[2026-05-21T11:32:26.738Z] IP: ::1 | Action: GET /video2.mp4 | Statut: 404
[2026-05-21T11:32:26.740Z] IP: ::1 | Action: GET /video3.mp4 | Statut: 404
[2026-05-21T11:37:47.163Z] IP: ::1 | Action: GET /logo.png | Statut: 404
[2026-05-21T11:37:47.172Z] IP: ::1 | Action: GET /photo1.jpg | Statut: 404
[2026-05-21T11:37:47.208Z] IP: ::1 | Action: GET /photo2.jpg | Statut: 404
[2026-05-21T11:37:47.210Z] IP: ::1 | Action: GET /photo3.jpg | Statut: 404
[2026-05-21T11:37:47.274Z] IP: ::1 | Action: GET /api/temoignages | Statut: 304
[2026-05-21T11:37:47.284Z] IP: ::1 | Action: GET /video1.mp4 | Statut: 404
[2026-05-21T11:37:47.285Z] IP: ::1 | Action: GET /video3.mp4 | Statut: 404
[2026-05-21T11:37:47.287Z] IP: ::1 | Action: GET /video2.mp4 | Statut: 404
[2026-05-21T11:37:48.650Z] IP: ::1 | Action: GET /logo.png | Statut: 404
[2026-05-21T11:37:48.661Z] IP: ::1 | Action: GET /photo1.jpg | Statut: 404
[2026-05-21T11:37:48.679Z] IP: ::1 | Action: GET /photo2.jpg | Statut: 404
[2026-05-21T11:37:48.688Z] IP: ::1 | Action: GET /photo3.jpg | Statut: 404
[2026-05-21T11:37:48.693Z] IP: ::1 | Action: GET /video1.mp4 | Statut: 404
[2026-05-21T11:37:48.703Z] IP: ::1 | Action: GET /video2.mp4 | Statut: 404
[2026-05-21T11:37:48.704Z] IP: ::1 | Action: GET /video3.mp4 | Statut: 404
[2026-05-21T11:37:48.754Z] IP: ::1 | Action: GET /api/temoignages | Statut: 304
[2026-05-21T11:38:19.133Z] IP: ::1 | Action: GET /logo.png | Statut: 404
[2026-05-21T11:38:19.136Z] IP: ::1 | Action: GET /photo1.jpg | Statut: 404
[2026-05-21T11:38:19.147Z] IP: ::1 | Action: GET /photo2.jpg | Statut: 404
[2026-05-21T11:38:19.148Z] IP: ::1 | Action: GET /photo3.jpg | Statut: 404
[2026-05-21T11:38:19.160Z] IP: ::1 | Action: GET /video1.mp4 | Statut: 404
[2026-05-21T11:38:19.162Z] IP: ::1 | Action: GET /video2.mp4 | Statut: 404
[2026-05-21T11:38:19.164Z] IP: ::1 | Action: GET /video3.mp4 | Statut: 404
[2026-05-21T11:38:19.166Z] IP: ::1 | Action: GET /api/temoignages | Statut: 304
[2026-05-21T11:38:20.039Z] IP: ::1 | Action: GET /logo.png | Statut: 404
[2026-05-21T11:38:20.041Z] IP: ::1 | Action: GET /photo1.jpg | Statut: 404
[2026-05-21T11:38:20.098Z] IP: ::1 | Action: GET /photo2.jpg | Statut: 404
[2026-05-21T11:38:20.099Z] IP: ::1 | Action: GET /photo3.jpg | Statut: 404
[2026-05-21T11:38:20.102Z] IP: ::1 | Action: GET /video2.mp4 | Statut: 404
[2026-05-21T11:38:20.102Z] IP: ::1 | Action: GET /video1.mp4 | Statut: 404
[2026-05-21T11:38:20.105Z] IP: ::1 | Action: GET /video3.mp4 | Statut: 404
[2026-05-21T11:38:20.114Z] IP: ::1 | Action: GET /api/temoignages | Statut: 304
[2026-05-21T11:38:21.219Z] IP: ::1 | Action: GET /logo.png | Statut: 404
[2026-05-21T11:38:21.223Z] IP: ::1 | Action: GET /photo1.jpg | Statut: 404
[2026-05-21T11:38:21.224Z] IP: ::1 | Action: GET /photo2.jpg | Statut: 404
[2026-05-21T11:38:21.225Z] IP: ::1 | Action: GET /photo3.jpg | Statut: 404
[2026-05-21T11:38:21.229Z] IP: ::1 | Action: GET /video1.mp4 | Statut: 404
[2026-05-21T11:38:21.231Z] IP: ::1 | Action: GET /video2.mp4 | Statut: 404
[2026-05-21T11:38:21.234Z] IP: ::1 | Action: GET /video3.mp4 | Statut: 404
[2026-05-21T11:38:21.239Z] IP: ::1 | Action: GET /api/temoignages | Statut: 304
[2026-05-21T11:40:29.980Z] IP: ::1 | Action: GET /logo.png | Statut: 404
[2026-05-21T11:40:29.981Z] IP: ::1 | Action: GET /photo1.jpg | Statut: 404
[2026-05-21T11:40:29.997Z] IP: ::1 | Action: GET /photo2.jpg | Statut: 404
[2026-05-21T11:40:29.998Z] IP: ::1 | Action: GET /photo3.jpg | Statut: 404
[2026-05-21T11:40:30.051Z] IP: ::1 | Action: GET /video1.mp4 | Statut: 404
[2026-05-21T11:40:30.055Z] IP: ::1 | Action: GET /video2.mp4 | Statut: 404
[2026-05-21T11:40:30.056Z] IP: ::1 | Action: GET /video3.mp4 | Statut: 404
[2026-05-21T11:40:30.057Z] IP: ::1 | Action: GET /api/temoignages | Statut: 304
[2026-05-21T11:40:30.851Z] IP: ::1 | Action: GET /logo.png | Statut: 404
[2026-05-21T11:40:30.852Z] IP: ::1 | Action: GET /photo1.jpg | Statut: 404
[2026-05-21T11:40:30.853Z] IP: ::1 | Action: GET /photo2.jpg | Statut: 404
[2026-05-21T11:40:30.855Z] IP: ::1 | Action: GET /photo3.jpg | Statut: 404
[2026-05-21T11:40:30.860Z] IP: ::1 | Action: GET /video1.mp4 | Statut: 404
[2026-05-21T11:40:30.861Z] IP: ::1 | Action: GET /video2.mp4 | Statut: 404
[2026-05-21T11:40:30.863Z] IP: ::1 | Action: GET /video3.mp4 | Statut: 404
[2026-05-21T11:40:30.865Z] IP: ::1 | Action: GET /api/temoignages | Statut: 304
[2026-05-21T11:40:55.829Z] IP: ::1 | Action: GET /logo.jng | Statut: 404
[2026-05-21T11:40:55.837Z] IP: ::1 | Action: GET /photo1.jpg | Statut: 404
[2026-05-21T11:40:55.849Z] IP: ::1 | Action: GET /photo2.jpg | Statut: 404
[2026-05-21T11:40:55.852Z] IP: ::1 | Action: GET /photo3.jpg | Statut: 404
[2026-05-21T11:40:55.880Z] IP: ::1 | Action: GET /video1.mp4 | Statut: 404
[2026-05-21T11:40:55.881Z] IP: ::1 | Action: GET /video2.mp4 | Statut: 404
[2026-05-21T11:40:55.882Z] IP: ::1 | Action: GET /video3.mp4 | Statut: 404
[2026-05-21T11:40:55.901Z] IP: ::1 | Action: GET /api/temoignages | Statut: 304
[2026-05-21T11:40:56.783Z] IP: ::1 | Action: GET /logo.jng | Statut: 404
[2026-05-21T11:40:56.784Z] IP: ::1 | Action: GET /photo1.jpg | Statut: 404
[2026-05-21T11:40:56.798Z] IP: ::1 | Action: GET /photo2.jpg | Statut: 404
[2026-05-21T11:40:56.802Z] IP: ::1 | Action: GET /photo3.jpg | Statut: 404
[2026-05-21T11:40:56.833Z] IP: ::1 | Action: GET /video1.mp4 | Statut: 404
[2026-05-21T11:40:56.834Z] IP: ::1 | Action: GET /video2.mp4 | Statut: 404
[2026-05-21T11:40:56.837Z] IP: ::1 | Action: GET /video3.mp4 | Statut: 404
[2026-05-21T11:40:56.835Z] IP: ::1 | Action: GET /api/temoignages | Statut: 304
[2026-05-21T11:41:27.905Z] IP: ::1 | Action: GET /logo.jng | Statut: 404
[2026-05-21T11:41:27.917Z] IP: ::1 | Action: GET /photo1.jpg | Statut: 404
[2026-05-21T11:41:27.942Z] IP: ::1 | Action: GET /photo2.jpg | Statut: 404
[2026-05-21T11:41:27.943Z] IP: ::1 | Action: GET /photo3.jpg | Statut: 404
[2026-05-21T11:41:28.097Z] IP: ::1 | Action: GET /api/temoignages | Statut: 304
[2026-05-21T11:41:28.106Z] IP: ::1 | Action: GET /video1.mp4 | Statut: 404
[2026-05-21T11:41:28.109Z] IP: ::1 | Action: GET /video2.mp4 | Statut: 404
[2026-05-21T11:41:28.111Z] IP: ::1 | Action: GET /video3.mp4 | Statut: 404
[2026-05-21T11:44:05.539Z] IP: ::1 | Action: GET /photo1.jpg | Statut: 404
[2026-05-21T11:44:05.568Z] IP: ::1 | Action: GET /photo2.jpg | Statut: 404
[2026-05-21T11:44:05.570Z] IP: ::1 | Action: GET /photo3.jpg | Statut: 404
[2026-05-21T11:44:05.689Z] IP: ::1 | Action: GET /video1.mp4 | Statut: 404
[2026-05-21T11:44:05.694Z] IP: ::1 | Action: GET /video2.mp4 | Statut: 404
[2026-05-21T11:44:05.688Z] IP: ::1 | Action: GET /api/temoignages | Statut: 304
[2026-05-21T11:44:05.698Z] IP: ::1 | Action: GET /video3.mp4 | Statut: 404
[2026-05-21T12:05:09.255Z] IP: ::1 | Action: GET /photo2.jpg | Statut: 404
[2026-05-21T12:05:09.258Z] IP: ::1 | Action: GET /photo3.jpg | Statut: 404
[2026-05-21T12:05:09.424Z] IP: ::1 | Action: GET /video1.mp4 | Statut: 404
[2026-05-21T12:05:09.438Z] IP: ::1 | Action: GET /video2.mp4 | Statut: 404
[2026-05-21T12:05:09.450Z] IP: ::1 | Action: GET /video3.mp4 | Statut: 404
[2026-05-21T12:05:09.436Z] IP: ::1 | Action: GET /api/temoignages | Statut: 304
[2026-05-21T12:22:52.661Z] IP: ::1 | Action: GET /photo2.jpg | Statut: 404
[2026-05-21T12:22:52.703Z] IP: ::1 | Action: GET /photo3.jpg | Statut: 404
[2026-05-21T12:22:52.776Z] IP: ::1 | Action: GET /api/temoignages | Statut: 304
[2026-05-21T12:22:52.892Z] IP: ::1 | Action: GET /video2.mp4 | Statut: 404
[2026-05-21T12:22:52.894Z] IP: ::1 | Action: GET /video3.mp4 | Statut: 404
[2026-05-21T12:23:42.152Z] IP: ::1 | Action: GET /photo2.jpg | Statut: 404
[2026-05-21T12:23:42.168Z] IP: ::1 | Action: GET /photo3.jpg | Statut: 404
[2026-05-21T12:23:42.273Z] IP: ::1 | Action: GET /api/temoignages | Statut: 304
[2026-05-21T12:23:42.277Z] IP: ::1 | Action: GET /video2.mp4 | Statut: 404
[2026-05-21T12:23:42.283Z] IP: ::1 | Action: GET /video3.mp4 | Statut: 404
[2026-05-21T12:29:46.011Z] IP: ::1 | Action: GET /photo2.jpg | Statut: 404
[2026-05-21T12:29:46.014Z] IP: ::1 | Action: GET /photo3.jpg | Statut: 404
[2026-05-21T12:29:46.061Z] IP: ::1 | Action: GET /video2.mp4 | Statut: 404
[2026-05-21T12:29:46.067Z] IP: ::1 | Action: GET /video3.mp4 | Statut: 404
[2026-05-21T12:29:46.140Z] IP: ::1 | Action: GET /api/temoignages | Statut: 304
[2026-05-21T12:34:23.956Z] IP: ::1 | Action: GET /photo2.jpg | Statut: 404
[2026-05-21T12:34:23.960Z] IP: ::1 | Action: GET /photo3.jpg | Statut: 404
[2026-05-21T12:34:23.994Z] IP: ::1 | Action: GET /video2.mp4 | Statut: 404
[2026-05-21T12:34:23.996Z] IP: ::1 | Action: GET /video3.mp4 | Statut: 404
[2026-05-21T12:34:23.999Z] IP: ::1 | Action: GET /api/temoignages | Statut: 200
